ARM GAS  C:\Users\giamw\AppData\Local\Temp\ccsMwdFF.s 			page 1


   1              		.cpu cortex-m4
   2              		.arch armv7e-m
   3              		.fpu fpv4-sp-d16
   4              		.eabi_attribute 27, 1
   5              		.eabi_attribute 28, 1
   6              		.eabi_attribute 20, 1
   7              		.eabi_attribute 21, 1
   8              		.eabi_attribute 23, 3
   9              		.eabi_attribute 24, 1
  10              		.eabi_attribute 25, 1
  11              		.eabi_attribute 26, 1
  12              		.eabi_attribute 30, 1
  13              		.eabi_attribute 34, 1
  14              		.eabi_attribute 18, 4
  15              		.file	"main.c"
  16              		.text
  17              	.Ltext0:
  18              		.cfi_sections	.debug_frame
  19              		.section	.text.MX_GPIO_Init,"ax",%progbits
  20              		.align	1
  21              		.syntax unified
  22              		.thumb
  23              		.thumb_func
  25              	MX_GPIO_Init:
  26              	.LFB136:
  27              		.file 1 "Core/Src/main.c"
   1:Core/Src/main.c **** /* USER CODE BEGIN Header */
   2:Core/Src/main.c **** /**
   3:Core/Src/main.c ****   ******************************************************************************
   4:Core/Src/main.c ****   * @file           : main.c
   5:Core/Src/main.c ****   * @brief          : Main program body
   6:Core/Src/main.c ****   ******************************************************************************
   7:Core/Src/main.c ****   * @attention
   8:Core/Src/main.c ****   *
   9:Core/Src/main.c ****   * Copyright (c) 2023 STMicroelectronics.
  10:Core/Src/main.c ****   * All rights reserved.
  11:Core/Src/main.c ****   *
  12:Core/Src/main.c ****   * This software is licensed under terms that can be found in the LICENSE file
  13:Core/Src/main.c ****   * in the root directory of this software component.
  14:Core/Src/main.c ****   * If no LICENSE file comes with this software, it is provided AS-IS.
  15:Core/Src/main.c ****   *
  16:Core/Src/main.c ****   ******************************************************************************
  17:Core/Src/main.c ****   */
  18:Core/Src/main.c **** /* USER CODE END Header */
  19:Core/Src/main.c **** /* Includes ------------------------------------------------------------------*/
  20:Core/Src/main.c **** #include "main.h"
  21:Core/Src/main.c **** #include "usb_device.h"
  22:Core/Src/main.c **** 
  23:Core/Src/main.c **** /* Private includes ----------------------------------------------------------*/
  24:Core/Src/main.c **** /* USER CODE BEGIN Includes */
  25:Core/Src/main.c **** 
  26:Core/Src/main.c **** /* USER CODE END Includes */
  27:Core/Src/main.c **** 
  28:Core/Src/main.c **** /* Private typedef -----------------------------------------------------------*/
  29:Core/Src/main.c **** /* USER CODE BEGIN PTD */
  30:Core/Src/main.c **** 
  31:Core/Src/main.c **** /* USER CODE END PTD */
ARM GAS  C:\Users\giamw\AppData\Local\Temp\ccsMwdFF.s 			page 2


  32:Core/Src/main.c **** 
  33:Core/Src/main.c **** /* Private define ------------------------------------------------------------*/
  34:Core/Src/main.c **** /* USER CODE BEGIN PD */
  35:Core/Src/main.c **** 
  36:Core/Src/main.c **** /* USER CODE END PD */
  37:Core/Src/main.c **** 
  38:Core/Src/main.c **** /* Private macro -------------------------------------------------------------*/
  39:Core/Src/main.c **** /* USER CODE BEGIN PM */
  40:Core/Src/main.c **** 
  41:Core/Src/main.c **** /* USER CODE END PM */
  42:Core/Src/main.c **** 
  43:Core/Src/main.c **** /* Private variables ---------------------------------------------------------*/
  44:Core/Src/main.c **** 
  45:Core/Src/main.c **** /* USER CODE BEGIN PV */
  46:Core/Src/main.c **** 
  47:Core/Src/main.c **** /* USER CODE END PV */
  48:Core/Src/main.c **** 
  49:Core/Src/main.c **** /* Private function prototypes -----------------------------------------------*/
  50:Core/Src/main.c **** void SystemClock_Config(void);
  51:Core/Src/main.c **** static void MX_GPIO_Init(void);
  52:Core/Src/main.c **** /* USER CODE BEGIN PFP */
  53:Core/Src/main.c **** 
  54:Core/Src/main.c **** /* USER CODE END PFP */
  55:Core/Src/main.c **** 
  56:Core/Src/main.c **** /* Private user code ---------------------------------------------------------*/
  57:Core/Src/main.c **** /* USER CODE BEGIN 0 */
  58:Core/Src/main.c **** uint8_t *data = "Hello World from USB CDC\r\n";
  59:Core/Src/main.c **** /* USER CODE END 0 */
  60:Core/Src/main.c **** 
  61:Core/Src/main.c **** /**
  62:Core/Src/main.c ****   * @brief  The application entry point.
  63:Core/Src/main.c ****   * @retval int
  64:Core/Src/main.c ****   */
  65:Core/Src/main.c **** int main(void)
  66:Core/Src/main.c **** {
  67:Core/Src/main.c ****   /* USER CODE BEGIN 1 */
  68:Core/Src/main.c **** 
  69:Core/Src/main.c ****   /* USER CODE END 1 */
  70:Core/Src/main.c **** 
  71:Core/Src/main.c ****   /* MCU Configuration--------------------------------------------------------*/
  72:Core/Src/main.c **** 
  73:Core/Src/main.c ****   /* Reset of all peripherals, Initializes the Flash interface and the Systick. */
  74:Core/Src/main.c ****   HAL_Init();
  75:Core/Src/main.c **** 
  76:Core/Src/main.c ****   /* USER CODE BEGIN Init */
  77:Core/Src/main.c **** 
  78:Core/Src/main.c ****   /* USER CODE END Init */
  79:Core/Src/main.c **** 
  80:Core/Src/main.c ****   /* Configure the system clock */
  81:Core/Src/main.c ****   SystemClock_Config();
  82:Core/Src/main.c **** 
  83:Core/Src/main.c ****   /* USER CODE BEGIN SysInit */
  84:Core/Src/main.c **** 
  85:Core/Src/main.c ****   /* USER CODE END SysInit */
  86:Core/Src/main.c **** 
  87:Core/Src/main.c ****   /* Initialize all configured peripherals */
  88:Core/Src/main.c ****   MX_GPIO_Init();
ARM GAS  C:\Users\giamw\AppData\Local\Temp\ccsMwdFF.s 			page 3


  89:Core/Src/main.c ****   MX_USB_DEVICE_Init();
  90:Core/Src/main.c ****   /* USER CODE BEGIN 2 */
  91:Core/Src/main.c ****   
  92:Core/Src/main.c ****   /* USER CODE END 2 */
  93:Core/Src/main.c **** 
  94:Core/Src/main.c ****   /* Infinite loop */
  95:Core/Src/main.c ****   /* USER CODE BEGIN WHILE */
  96:Core/Src/main.c ****   while (1)
  97:Core/Src/main.c ****   {
  98:Core/Src/main.c ****     /* USER CODE END WHILE */
  99:Core/Src/main.c ****     CDC_Transmit_FS(data, strlen(data));
 100:Core/Src/main.c **** 	  HAL_Delay (1000);
 101:Core/Src/main.c ****     /* USER CODE BEGIN 3 */
 102:Core/Src/main.c ****   }
 103:Core/Src/main.c ****   /* USER CODE END 3 */
 104:Core/Src/main.c **** }
 105:Core/Src/main.c **** 
 106:Core/Src/main.c **** /**
 107:Core/Src/main.c ****   * @brief System Clock Configuration
 108:Core/Src/main.c ****   * @retval None
 109:Core/Src/main.c ****   */
 110:Core/Src/main.c **** void SystemClock_Config(void)
 111:Core/Src/main.c **** {
 112:Core/Src/main.c ****   RCC_OscInitTypeDef RCC_OscInitStruct = {0};
 113:Core/Src/main.c ****   RCC_ClkInitTypeDef RCC_ClkInitStruct = {0};
 114:Core/Src/main.c **** 
 115:Core/Src/main.c ****   /** Configure the main internal regulator output voltage
 116:Core/Src/main.c ****   */
 117:Core/Src/main.c ****   __HAL_RCC_PWR_CLK_ENABLE();
 118:Core/Src/main.c ****   __HAL_PWR_VOLTAGESCALING_CONFIG(PWR_REGULATOR_VOLTAGE_SCALE1);
 119:Core/Src/main.c **** 
 120:Core/Src/main.c ****   /** Initializes the RCC Oscillators according to the specified parameters
 121:Core/Src/main.c ****   * in the RCC_OscInitTypeDef structure.
 122:Core/Src/main.c ****   */
 123:Core/Src/main.c ****   RCC_OscInitStruct.OscillatorType = RCC_OSCILLATORTYPE_HSE;
 124:Core/Src/main.c ****   RCC_OscInitStruct.HSEState = RCC_HSE_ON;
 125:Core/Src/main.c ****   RCC_OscInitStruct.PLL.PLLState = RCC_PLL_ON;
 126:Core/Src/main.c ****   RCC_OscInitStruct.PLL.PLLSource = RCC_PLLSOURCE_HSE;
 127:Core/Src/main.c ****   RCC_OscInitStruct.PLL.PLLM = 4;
 128:Core/Src/main.c ****   RCC_OscInitStruct.PLL.PLLN = 192;
 129:Core/Src/main.c ****   RCC_OscInitStruct.PLL.PLLP = RCC_PLLP_DIV4;
 130:Core/Src/main.c ****   RCC_OscInitStruct.PLL.PLLQ = 8;
 131:Core/Src/main.c ****   if (HAL_RCC_OscConfig(&RCC_OscInitStruct) != HAL_OK)
 132:Core/Src/main.c ****   {
 133:Core/Src/main.c ****     Error_Handler();
 134:Core/Src/main.c ****   }
 135:Core/Src/main.c **** 
 136:Core/Src/main.c ****   /** Initializes the CPU, AHB and APB buses clocks
 137:Core/Src/main.c ****   */
 138:Core/Src/main.c ****   RCC_ClkInitStruct.ClockType = RCC_CLOCKTYPE_HCLK|RCC_CLOCKTYPE_SYSCLK
 139:Core/Src/main.c ****                               |RCC_CLOCKTYPE_PCLK1|RCC_CLOCKTYPE_PCLK2;
 140:Core/Src/main.c ****   RCC_ClkInitStruct.SYSCLKSource = RCC_SYSCLKSOURCE_PLLCLK;
 141:Core/Src/main.c ****   RCC_ClkInitStruct.AHBCLKDivider = RCC_SYSCLK_DIV1;
 142:Core/Src/main.c ****   RCC_ClkInitStruct.APB1CLKDivider = RCC_HCLK_DIV4;
 143:Core/Src/main.c ****   RCC_ClkInitStruct.APB2CLKDivider = RCC_HCLK_DIV1;
 144:Core/Src/main.c **** 
 145:Core/Src/main.c ****   if (HAL_RCC_ClockConfig(&RCC_ClkInitStruct, FLASH_LATENCY_3) != HAL_OK)
ARM GAS  C:\Users\giamw\AppData\Local\Temp\ccsMwdFF.s 			page 4


 146:Core/Src/main.c ****   {
 147:Core/Src/main.c ****     Error_Handler();
 148:Core/Src/main.c ****   }
 149:Core/Src/main.c **** }
 150:Core/Src/main.c **** 
 151:Core/Src/main.c **** /**
 152:Core/Src/main.c ****   * @brief GPIO Initialization Function
 153:Core/Src/main.c ****   * @param None
 154:Core/Src/main.c ****   * @retval None
 155:Core/Src/main.c ****   */
 156:Core/Src/main.c **** static void MX_GPIO_Init(void)
 157:Core/Src/main.c **** {
  28              		.loc 1 157 1 view -0
  29              		.cfi_startproc
  30              		@ args = 0, pretend = 0, frame = 8
  31              		@ frame_needed = 0, uses_anonymous_args = 0
  32              		@ link register save eliminated.
  33 0000 82B0     		sub	sp, sp, #8
  34              	.LCFI0:
  35              		.cfi_def_cfa_offset 8
 158:Core/Src/main.c **** /* USER CODE BEGIN MX_GPIO_Init_1 */
 159:Core/Src/main.c **** /* USER CODE END MX_GPIO_Init_1 */
 160:Core/Src/main.c **** 
 161:Core/Src/main.c ****   /* GPIO Ports Clock Enable */
 162:Core/Src/main.c ****   __HAL_RCC_GPIOH_CLK_ENABLE();
  36              		.loc 1 162 3 view .LVU1
  37              	.LBB4:
  38              		.loc 1 162 3 view .LVU2
  39 0002 0021     		movs	r1, #0
  40 0004 0091     		str	r1, [sp]
  41              		.loc 1 162 3 view .LVU3
  42 0006 0B4B     		ldr	r3, .L3
  43 0008 1A6B     		ldr	r2, [r3, #48]
  44 000a 42F08002 		orr	r2, r2, #128
  45 000e 1A63     		str	r2, [r3, #48]
  46              		.loc 1 162 3 view .LVU4
  47 0010 1A6B     		ldr	r2, [r3, #48]
  48 0012 02F08002 		and	r2, r2, #128
  49 0016 0092     		str	r2, [sp]
  50              		.loc 1 162 3 view .LVU5
  51 0018 009A     		ldr	r2, [sp]
  52              	.LBE4:
  53              		.loc 1 162 3 view .LVU6
 163:Core/Src/main.c ****   __HAL_RCC_GPIOA_CLK_ENABLE();
  54              		.loc 1 163 3 view .LVU7
  55              	.LBB5:
  56              		.loc 1 163 3 view .LVU8
  57 001a 0191     		str	r1, [sp, #4]
  58              		.loc 1 163 3 view .LVU9
  59 001c 1A6B     		ldr	r2, [r3, #48]
  60 001e 42F00102 		orr	r2, r2, #1
  61 0022 1A63     		str	r2, [r3, #48]
  62              		.loc 1 163 3 view .LVU10
  63 0024 1B6B     		ldr	r3, [r3, #48]
  64 0026 03F00103 		and	r3, r3, #1
  65 002a 0193     		str	r3, [sp, #4]
  66              		.loc 1 163 3 view .LVU11
ARM GAS  C:\Users\giamw\AppData\Local\Temp\ccsMwdFF.s 			page 5


  67 002c 019B     		ldr	r3, [sp, #4]
  68              	.LBE5:
  69              		.loc 1 163 3 view .LVU12
 164:Core/Src/main.c **** 
 165:Core/Src/main.c **** /* USER CODE BEGIN MX_GPIO_Init_2 */
 166:Core/Src/main.c **** /* USER CODE END MX_GPIO_Init_2 */
 167:Core/Src/main.c **** }
  70              		.loc 1 167 1 is_stmt 0 view .LVU13
  71 002e 02B0     		add	sp, sp, #8
  72              	.LCFI1:
  73              		.cfi_def_cfa_offset 0
  74              		@ sp needed
  75 0030 7047     		bx	lr
  76              	.L4:
  77 0032 00BF     		.align	2
  78              	.L3:
  79 0034 00380240 		.word	1073887232
  80              		.cfi_endproc
  81              	.LFE136:
  83              		.section	.text.Error_Handler,"ax",%progbits
  84              		.align	1
  85              		.global	Error_Handler
  86              		.syntax unified
  87              		.thumb
  88              		.thumb_func
  90              	Error_Handler:
  91              	.LFB137:
 168:Core/Src/main.c **** 
 169:Core/Src/main.c **** /* USER CODE BEGIN 4 */
 170:Core/Src/main.c **** 
 171:Core/Src/main.c **** /* USER CODE END 4 */
 172:Core/Src/main.c **** 
 173:Core/Src/main.c **** /**
 174:Core/Src/main.c ****   * @brief  This function is executed in case of error occurrence.
 175:Core/Src/main.c ****   * @retval None
 176:Core/Src/main.c ****   */
 177:Core/Src/main.c **** void Error_Handler(void)
 178:Core/Src/main.c **** {
  92              		.loc 1 178 1 is_stmt 1 view -0
  93              		.cfi_startproc
  94              		@ Volatile: function does not return.
  95              		@ args = 0, pretend = 0, frame = 0
  96              		@ frame_needed = 0, uses_anonymous_args = 0
  97              		@ link register save eliminated.
 179:Core/Src/main.c ****   /* USER CODE BEGIN Error_Handler_Debug */
 180:Core/Src/main.c ****   /* User can add his own implementation to report the HAL error return state */
 181:Core/Src/main.c ****   __disable_irq();
  98              		.loc 1 181 3 view .LVU15
  99              	.LBB6:
 100              	.LBI6:
 101              		.file 2 "Drivers/CMSIS/Include/cmsis_gcc.h"
   1:Drivers/CMSIS/Include/cmsis_gcc.h **** /**************************************************************************//**
   2:Drivers/CMSIS/Include/cmsis_gcc.h ****  * @file     cmsis_gcc.h
   3:Drivers/CMSIS/Include/cmsis_gcc.h ****  * @brief    CMSIS compiler GCC header file
   4:Drivers/CMSIS/Include/cmsis_gcc.h ****  * @version  V5.0.4
   5:Drivers/CMSIS/Include/cmsis_gcc.h ****  * @date     09. April 2018
   6:Drivers/CMSIS/Include/cmsis_gcc.h ****  ******************************************************************************/
ARM GAS  C:\Users\giamw\AppData\Local\Temp\ccsMwdFF.s 			page 6


   7:Drivers/CMSIS/Include/cmsis_gcc.h **** /*
   8:Drivers/CMSIS/Include/cmsis_gcc.h ****  * Copyright (c) 2009-2018 Arm Limited. All rights reserved.
   9:Drivers/CMSIS/Include/cmsis_gcc.h ****  *
  10:Drivers/CMSIS/Include/cmsis_gcc.h ****  * SPDX-License-Identifier: Apache-2.0
  11:Drivers/CMSIS/Include/cmsis_gcc.h ****  *
  12:Drivers/CMSIS/Include/cmsis_gcc.h ****  * Licensed under the Apache License, Version 2.0 (the License); you may
  13:Drivers/CMSIS/Include/cmsis_gcc.h ****  * not use this file except in compliance with the License.
  14:Drivers/CMSIS/Include/cmsis_gcc.h ****  * You may obtain a copy of the License at
  15:Drivers/CMSIS/Include/cmsis_gcc.h ****  *
  16:Drivers/CMSIS/Include/cmsis_gcc.h ****  * www.apache.org/licenses/LICENSE-2.0
  17:Drivers/CMSIS/Include/cmsis_gcc.h ****  *
  18:Drivers/CMSIS/Include/cmsis_gcc.h ****  * Unless required by applicable law or agreed to in writing, software
  19:Drivers/CMSIS/Include/cmsis_gcc.h ****  * distributed under the License is distributed on an AS IS BASIS, WITHOUT
  20:Drivers/CMSIS/Include/cmsis_gcc.h ****  * WARRANTIES OR CONDITIONS OF ANY KIND, either express or implied.
  21:Drivers/CMSIS/Include/cmsis_gcc.h ****  * See the License for the specific language governing permissions and
  22:Drivers/CMSIS/Include/cmsis_gcc.h ****  * limitations under the License.
  23:Drivers/CMSIS/Include/cmsis_gcc.h ****  */
  24:Drivers/CMSIS/Include/cmsis_gcc.h **** 
  25:Drivers/CMSIS/Include/cmsis_gcc.h **** #ifndef __CMSIS_GCC_H
  26:Drivers/CMSIS/Include/cmsis_gcc.h **** #define __CMSIS_GCC_H
  27:Drivers/CMSIS/Include/cmsis_gcc.h **** 
  28:Drivers/CMSIS/Include/cmsis_gcc.h **** /* ignore some GCC warnings */
  29:Drivers/CMSIS/Include/cmsis_gcc.h **** #pragma GCC diagnostic push
  30:Drivers/CMSIS/Include/cmsis_gcc.h **** #pragma GCC diagnostic ignored "-Wsign-conversion"
  31:Drivers/CMSIS/Include/cmsis_gcc.h **** #pragma GCC diagnostic ignored "-Wconversion"
  32:Drivers/CMSIS/Include/cmsis_gcc.h **** #pragma GCC diagnostic ignored "-Wunused-parameter"
  33:Drivers/CMSIS/Include/cmsis_gcc.h **** 
  34:Drivers/CMSIS/Include/cmsis_gcc.h **** /* Fallback for __has_builtin */
  35:Drivers/CMSIS/Include/cmsis_gcc.h **** #ifndef __has_builtin
  36:Drivers/CMSIS/Include/cmsis_gcc.h ****   #define __has_builtin(x) (0)
  37:Drivers/CMSIS/Include/cmsis_gcc.h **** #endif
  38:Drivers/CMSIS/Include/cmsis_gcc.h **** 
  39:Drivers/CMSIS/Include/cmsis_gcc.h **** /* CMSIS compiler specific defines */
  40:Drivers/CMSIS/Include/cmsis_gcc.h **** #ifndef   __ASM
  41:Drivers/CMSIS/Include/cmsis_gcc.h ****   #define __ASM                                  __asm
  42:Drivers/CMSIS/Include/cmsis_gcc.h **** #endif
  43:Drivers/CMSIS/Include/cmsis_gcc.h **** #ifndef   __INLINE
  44:Drivers/CMSIS/Include/cmsis_gcc.h ****   #define __INLINE                               inline
  45:Drivers/CMSIS/Include/cmsis_gcc.h **** #endif
  46:Drivers/CMSIS/Include/cmsis_gcc.h **** #ifndef   __STATIC_INLINE
  47:Drivers/CMSIS/Include/cmsis_gcc.h ****   #define __STATIC_INLINE                        static inline
  48:Drivers/CMSIS/Include/cmsis_gcc.h **** #endif
  49:Drivers/CMSIS/Include/cmsis_gcc.h **** #ifndef   __STATIC_FORCEINLINE                 
  50:Drivers/CMSIS/Include/cmsis_gcc.h ****   #define __STATIC_FORCEINLINE                   __attribute__((always_inline)) static inline
  51:Drivers/CMSIS/Include/cmsis_gcc.h **** #endif                                           
  52:Drivers/CMSIS/Include/cmsis_gcc.h **** #ifndef   __NO_RETURN
  53:Drivers/CMSIS/Include/cmsis_gcc.h ****   #define __NO_RETURN                            __attribute__((__noreturn__))
  54:Drivers/CMSIS/Include/cmsis_gcc.h **** #endif
  55:Drivers/CMSIS/Include/cmsis_gcc.h **** #ifndef   __USED
  56:Drivers/CMSIS/Include/cmsis_gcc.h ****   #define __USED                                 __attribute__((used))
  57:Drivers/CMSIS/Include/cmsis_gcc.h **** #endif
  58:Drivers/CMSIS/Include/cmsis_gcc.h **** #ifndef   __WEAK
  59:Drivers/CMSIS/Include/cmsis_gcc.h ****   #define __WEAK                                 __attribute__((weak))
  60:Drivers/CMSIS/Include/cmsis_gcc.h **** #endif
  61:Drivers/CMSIS/Include/cmsis_gcc.h **** #ifndef   __PACKED
  62:Drivers/CMSIS/Include/cmsis_gcc.h ****   #define __PACKED                               __attribute__((packed, aligned(1)))
  63:Drivers/CMSIS/Include/cmsis_gcc.h **** #endif
ARM GAS  C:\Users\giamw\AppData\Local\Temp\ccsMwdFF.s 			page 7


  64:Drivers/CMSIS/Include/cmsis_gcc.h **** #ifndef   __PACKED_STRUCT
  65:Drivers/CMSIS/Include/cmsis_gcc.h ****   #define __PACKED_STRUCT                        struct __attribute__((packed, aligned(1)))
  66:Drivers/CMSIS/Include/cmsis_gcc.h **** #endif
  67:Drivers/CMSIS/Include/cmsis_gcc.h **** #ifndef   __PACKED_UNION
  68:Drivers/CMSIS/Include/cmsis_gcc.h ****   #define __PACKED_UNION                         union __attribute__((packed, aligned(1)))
  69:Drivers/CMSIS/Include/cmsis_gcc.h **** #endif
  70:Drivers/CMSIS/Include/cmsis_gcc.h **** #ifndef   __UNALIGNED_UINT32        /* deprecated */
  71:Drivers/CMSIS/Include/cmsis_gcc.h ****   #pragma GCC diagnostic push
  72:Drivers/CMSIS/Include/cmsis_gcc.h ****   #pragma GCC diagnostic ignored "-Wpacked"
  73:Drivers/CMSIS/Include/cmsis_gcc.h ****   #pragma GCC diagnostic ignored "-Wattributes"
  74:Drivers/CMSIS/Include/cmsis_gcc.h ****   struct __attribute__((packed)) T_UINT32 { uint32_t v; };
  75:Drivers/CMSIS/Include/cmsis_gcc.h ****   #pragma GCC diagnostic pop
  76:Drivers/CMSIS/Include/cmsis_gcc.h ****   #define __UNALIGNED_UINT32(x)                  (((struct T_UINT32 *)(x))->v)
  77:Drivers/CMSIS/Include/cmsis_gcc.h **** #endif
  78:Drivers/CMSIS/Include/cmsis_gcc.h **** #ifndef   __UNALIGNED_UINT16_WRITE
  79:Drivers/CMSIS/Include/cmsis_gcc.h ****   #pragma GCC diagnostic push
  80:Drivers/CMSIS/Include/cmsis_gcc.h ****   #pragma GCC diagnostic ignored "-Wpacked"
  81:Drivers/CMSIS/Include/cmsis_gcc.h ****   #pragma GCC diagnostic ignored "-Wattributes"
  82:Drivers/CMSIS/Include/cmsis_gcc.h ****   __PACKED_STRUCT T_UINT16_WRITE { uint16_t v; };
  83:Drivers/CMSIS/Include/cmsis_gcc.h ****   #pragma GCC diagnostic pop
  84:Drivers/CMSIS/Include/cmsis_gcc.h ****   #define __UNALIGNED_UINT16_WRITE(addr, val)    (void)((((struct T_UINT16_WRITE *)(void *)(addr))-
  85:Drivers/CMSIS/Include/cmsis_gcc.h **** #endif
  86:Drivers/CMSIS/Include/cmsis_gcc.h **** #ifndef   __UNALIGNED_UINT16_READ
  87:Drivers/CMSIS/Include/cmsis_gcc.h ****   #pragma GCC diagnostic push
  88:Drivers/CMSIS/Include/cmsis_gcc.h ****   #pragma GCC diagnostic ignored "-Wpacked"
  89:Drivers/CMSIS/Include/cmsis_gcc.h ****   #pragma GCC diagnostic ignored "-Wattributes"
  90:Drivers/CMSIS/Include/cmsis_gcc.h ****   __PACKED_STRUCT T_UINT16_READ { uint16_t v; };
  91:Drivers/CMSIS/Include/cmsis_gcc.h ****   #pragma GCC diagnostic pop
  92:Drivers/CMSIS/Include/cmsis_gcc.h ****   #define __UNALIGNED_UINT16_READ(addr)          (((const struct T_UINT16_READ *)(const void *)(add
  93:Drivers/CMSIS/Include/cmsis_gcc.h **** #endif
  94:Drivers/CMSIS/Include/cmsis_gcc.h **** #ifndef   __UNALIGNED_UINT32_WRITE
  95:Drivers/CMSIS/Include/cmsis_gcc.h ****   #pragma GCC diagnostic push
  96:Drivers/CMSIS/Include/cmsis_gcc.h ****   #pragma GCC diagnostic ignored "-Wpacked"
  97:Drivers/CMSIS/Include/cmsis_gcc.h ****   #pragma GCC diagnostic ignored "-Wattributes"
  98:Drivers/CMSIS/Include/cmsis_gcc.h ****   __PACKED_STRUCT T_UINT32_WRITE { uint32_t v; };
  99:Drivers/CMSIS/Include/cmsis_gcc.h ****   #pragma GCC diagnostic pop
 100:Drivers/CMSIS/Include/cmsis_gcc.h ****   #define __UNALIGNED_UINT32_WRITE(addr, val)    (void)((((struct T_UINT32_WRITE *)(void *)(addr))-
 101:Drivers/CMSIS/Include/cmsis_gcc.h **** #endif
 102:Drivers/CMSIS/Include/cmsis_gcc.h **** #ifndef   __UNALIGNED_UINT32_READ
 103:Drivers/CMSIS/Include/cmsis_gcc.h ****   #pragma GCC diagnostic push
 104:Drivers/CMSIS/Include/cmsis_gcc.h ****   #pragma GCC diagnostic ignored "-Wpacked"
 105:Drivers/CMSIS/Include/cmsis_gcc.h ****   #pragma GCC diagnostic ignored "-Wattributes"
 106:Drivers/CMSIS/Include/cmsis_gcc.h ****   __PACKED_STRUCT T_UINT32_READ { uint32_t v; };
 107:Drivers/CMSIS/Include/cmsis_gcc.h ****   #pragma GCC diagnostic pop
 108:Drivers/CMSIS/Include/cmsis_gcc.h ****   #define __UNALIGNED_UINT32_READ(addr)          (((const struct T_UINT32_READ *)(const void *)(add
 109:Drivers/CMSIS/Include/cmsis_gcc.h **** #endif
 110:Drivers/CMSIS/Include/cmsis_gcc.h **** #ifndef   __ALIGNED
 111:Drivers/CMSIS/Include/cmsis_gcc.h ****   #define __ALIGNED(x)                           __attribute__((aligned(x)))
 112:Drivers/CMSIS/Include/cmsis_gcc.h **** #endif
 113:Drivers/CMSIS/Include/cmsis_gcc.h **** #ifndef   __RESTRICT
 114:Drivers/CMSIS/Include/cmsis_gcc.h ****   #define __RESTRICT                             __restrict
 115:Drivers/CMSIS/Include/cmsis_gcc.h **** #endif
 116:Drivers/CMSIS/Include/cmsis_gcc.h **** 
 117:Drivers/CMSIS/Include/cmsis_gcc.h **** 
 118:Drivers/CMSIS/Include/cmsis_gcc.h **** /* ###########################  Core Function Access  ########################### */
 119:Drivers/CMSIS/Include/cmsis_gcc.h **** /** \ingroup  CMSIS_Core_FunctionInterface
 120:Drivers/CMSIS/Include/cmsis_gcc.h ****     \defgroup CMSIS_Core_RegAccFunctions CMSIS Core Register Access Functions
ARM GAS  C:\Users\giamw\AppData\Local\Temp\ccsMwdFF.s 			page 8


 121:Drivers/CMSIS/Include/cmsis_gcc.h ****   @{
 122:Drivers/CMSIS/Include/cmsis_gcc.h ****  */
 123:Drivers/CMSIS/Include/cmsis_gcc.h **** 
 124:Drivers/CMSIS/Include/cmsis_gcc.h **** /**
 125:Drivers/CMSIS/Include/cmsis_gcc.h ****   \brief   Enable IRQ Interrupts
 126:Drivers/CMSIS/Include/cmsis_gcc.h ****   \details Enables IRQ interrupts by clearing the I-bit in the CPSR.
 127:Drivers/CMSIS/Include/cmsis_gcc.h ****            Can only be executed in Privileged modes.
 128:Drivers/CMSIS/Include/cmsis_gcc.h ****  */
 129:Drivers/CMSIS/Include/cmsis_gcc.h **** __STATIC_FORCEINLINE void __enable_irq(void)
 130:Drivers/CMSIS/Include/cmsis_gcc.h **** {
 131:Drivers/CMSIS/Include/cmsis_gcc.h ****   __ASM volatile ("cpsie i" : : : "memory");
 132:Drivers/CMSIS/Include/cmsis_gcc.h **** }
 133:Drivers/CMSIS/Include/cmsis_gcc.h **** 
 134:Drivers/CMSIS/Include/cmsis_gcc.h **** 
 135:Drivers/CMSIS/Include/cmsis_gcc.h **** /**
 136:Drivers/CMSIS/Include/cmsis_gcc.h ****   \brief   Disable IRQ Interrupts
 137:Drivers/CMSIS/Include/cmsis_gcc.h ****   \details Disables IRQ interrupts by setting the I-bit in the CPSR.
 138:Drivers/CMSIS/Include/cmsis_gcc.h ****            Can only be executed in Privileged modes.
 139:Drivers/CMSIS/Include/cmsis_gcc.h ****  */
 140:Drivers/CMSIS/Include/cmsis_gcc.h **** __STATIC_FORCEINLINE void __disable_irq(void)
 102              		.loc 2 140 27 view .LVU16
 103              	.LBB7:
 141:Drivers/CMSIS/Include/cmsis_gcc.h **** {
 142:Drivers/CMSIS/Include/cmsis_gcc.h ****   __ASM volatile ("cpsid i" : : : "memory");
 104              		.loc 2 142 3 view .LVU17
 105              		.syntax unified
 106              	@ 142 "Drivers/CMSIS/Include/cmsis_gcc.h" 1
 107 0000 72B6     		cpsid i
 108              	@ 0 "" 2
 109              		.thumb
 110              		.syntax unified
 111              	.L6:
 112              	.LBE7:
 113              	.LBE6:
 182:Core/Src/main.c ****   while (1)
 114              		.loc 1 182 3 discriminator 1 view .LVU18
 183:Core/Src/main.c ****   {
 184:Core/Src/main.c ****   }
 115              		.loc 1 184 3 discriminator 1 view .LVU19
 182:Core/Src/main.c ****   while (1)
 116              		.loc 1 182 9 discriminator 1 view .LVU20
 117 0002 FEE7     		b	.L6
 118              		.cfi_endproc
 119              	.LFE137:
 121              		.section	.text.SystemClock_Config,"ax",%progbits
 122              		.align	1
 123              		.global	SystemClock_Config
 124              		.syntax unified
 125              		.thumb
 126              		.thumb_func
 128              	SystemClock_Config:
 129              	.LFB135:
 111:Core/Src/main.c ****   RCC_OscInitTypeDef RCC_OscInitStruct = {0};
 130              		.loc 1 111 1 view -0
 131              		.cfi_startproc
 132              		@ args = 0, pretend = 0, frame = 80
 133              		@ frame_needed = 0, uses_anonymous_args = 0
ARM GAS  C:\Users\giamw\AppData\Local\Temp\ccsMwdFF.s 			page 9


 134 0000 00B5     		push	{lr}
 135              	.LCFI2:
 136              		.cfi_def_cfa_offset 4
 137              		.cfi_offset 14, -4
 138 0002 95B0     		sub	sp, sp, #84
 139              	.LCFI3:
 140              		.cfi_def_cfa_offset 88
 112:Core/Src/main.c ****   RCC_ClkInitTypeDef RCC_ClkInitStruct = {0};
 141              		.loc 1 112 3 view .LVU22
 112:Core/Src/main.c ****   RCC_ClkInitTypeDef RCC_ClkInitStruct = {0};
 142              		.loc 1 112 22 is_stmt 0 view .LVU23
 143 0004 3022     		movs	r2, #48
 144 0006 0021     		movs	r1, #0
 145 0008 08A8     		add	r0, sp, #32
 146 000a FFF7FEFF 		bl	memset
 147              	.LVL0:
 113:Core/Src/main.c **** 
 148              		.loc 1 113 3 is_stmt 1 view .LVU24
 113:Core/Src/main.c **** 
 149              		.loc 1 113 22 is_stmt 0 view .LVU25
 150 000e 0023     		movs	r3, #0
 151 0010 0393     		str	r3, [sp, #12]
 152 0012 0493     		str	r3, [sp, #16]
 153 0014 0593     		str	r3, [sp, #20]
 154 0016 0693     		str	r3, [sp, #24]
 155 0018 0793     		str	r3, [sp, #28]
 117:Core/Src/main.c ****   __HAL_PWR_VOLTAGESCALING_CONFIG(PWR_REGULATOR_VOLTAGE_SCALE1);
 156              		.loc 1 117 3 is_stmt 1 view .LVU26
 157              	.LBB8:
 117:Core/Src/main.c ****   __HAL_PWR_VOLTAGESCALING_CONFIG(PWR_REGULATOR_VOLTAGE_SCALE1);
 158              		.loc 1 117 3 view .LVU27
 159 001a 0193     		str	r3, [sp, #4]
 117:Core/Src/main.c ****   __HAL_PWR_VOLTAGESCALING_CONFIG(PWR_REGULATOR_VOLTAGE_SCALE1);
 160              		.loc 1 117 3 view .LVU28
 161 001c 1F4A     		ldr	r2, .L13
 162 001e 116C     		ldr	r1, [r2, #64]
 163 0020 41F08051 		orr	r1, r1, #268435456
 164 0024 1164     		str	r1, [r2, #64]
 117:Core/Src/main.c ****   __HAL_PWR_VOLTAGESCALING_CONFIG(PWR_REGULATOR_VOLTAGE_SCALE1);
 165              		.loc 1 117 3 view .LVU29
 166 0026 126C     		ldr	r2, [r2, #64]
 167 0028 02F08052 		and	r2, r2, #268435456
 168 002c 0192     		str	r2, [sp, #4]
 117:Core/Src/main.c ****   __HAL_PWR_VOLTAGESCALING_CONFIG(PWR_REGULATOR_VOLTAGE_SCALE1);
 169              		.loc 1 117 3 view .LVU30
 170 002e 019A     		ldr	r2, [sp, #4]
 171              	.LBE8:
 117:Core/Src/main.c ****   __HAL_PWR_VOLTAGESCALING_CONFIG(PWR_REGULATOR_VOLTAGE_SCALE1);
 172              		.loc 1 117 3 view .LVU31
 118:Core/Src/main.c **** 
 173              		.loc 1 118 3 view .LVU32
 174              	.LBB9:
 118:Core/Src/main.c **** 
 175              		.loc 1 118 3 view .LVU33
 176 0030 0293     		str	r3, [sp, #8]
 118:Core/Src/main.c **** 
 177              		.loc 1 118 3 view .LVU34
ARM GAS  C:\Users\giamw\AppData\Local\Temp\ccsMwdFF.s 			page 10


 178 0032 1B4B     		ldr	r3, .L13+4
 179 0034 1A68     		ldr	r2, [r3]
 180 0036 42F44042 		orr	r2, r2, #49152
 181 003a 1A60     		str	r2, [r3]
 118:Core/Src/main.c **** 
 182              		.loc 1 118 3 view .LVU35
 183 003c 1B68     		ldr	r3, [r3]
 184 003e 03F44043 		and	r3, r3, #49152
 185 0042 0293     		str	r3, [sp, #8]
 118:Core/Src/main.c **** 
 186              		.loc 1 118 3 view .LVU36
 187 0044 029B     		ldr	r3, [sp, #8]
 188              	.LBE9:
 118:Core/Src/main.c **** 
 189              		.loc 1 118 3 view .LVU37
 123:Core/Src/main.c ****   RCC_OscInitStruct.HSEState = RCC_HSE_ON;
 190              		.loc 1 123 3 view .LVU38
 123:Core/Src/main.c ****   RCC_OscInitStruct.HSEState = RCC_HSE_ON;
 191              		.loc 1 123 36 is_stmt 0 view .LVU39
 192 0046 0123     		movs	r3, #1
 193 0048 0893     		str	r3, [sp, #32]
 124:Core/Src/main.c ****   RCC_OscInitStruct.PLL.PLLState = RCC_PLL_ON;
 194              		.loc 1 124 3 is_stmt 1 view .LVU40
 124:Core/Src/main.c ****   RCC_OscInitStruct.PLL.PLLState = RCC_PLL_ON;
 195              		.loc 1 124 30 is_stmt 0 view .LVU41
 196 004a 4FF48033 		mov	r3, #65536
 197 004e 0993     		str	r3, [sp, #36]
 125:Core/Src/main.c ****   RCC_OscInitStruct.PLL.PLLSource = RCC_PLLSOURCE_HSE;
 198              		.loc 1 125 3 is_stmt 1 view .LVU42
 125:Core/Src/main.c ****   RCC_OscInitStruct.PLL.PLLSource = RCC_PLLSOURCE_HSE;
 199              		.loc 1 125 34 is_stmt 0 view .LVU43
 200 0050 0223     		movs	r3, #2
 201 0052 0E93     		str	r3, [sp, #56]
 126:Core/Src/main.c ****   RCC_OscInitStruct.PLL.PLLM = 4;
 202              		.loc 1 126 3 is_stmt 1 view .LVU44
 126:Core/Src/main.c ****   RCC_OscInitStruct.PLL.PLLM = 4;
 203              		.loc 1 126 35 is_stmt 0 view .LVU45
 204 0054 4FF48003 		mov	r3, #4194304
 205 0058 0F93     		str	r3, [sp, #60]
 127:Core/Src/main.c ****   RCC_OscInitStruct.PLL.PLLN = 192;
 206              		.loc 1 127 3 is_stmt 1 view .LVU46
 127:Core/Src/main.c ****   RCC_OscInitStruct.PLL.PLLN = 192;
 207              		.loc 1 127 30 is_stmt 0 view .LVU47
 208 005a 0423     		movs	r3, #4
 209 005c 1093     		str	r3, [sp, #64]
 128:Core/Src/main.c ****   RCC_OscInitStruct.PLL.PLLP = RCC_PLLP_DIV4;
 210              		.loc 1 128 3 is_stmt 1 view .LVU48
 128:Core/Src/main.c ****   RCC_OscInitStruct.PLL.PLLP = RCC_PLLP_DIV4;
 211              		.loc 1 128 30 is_stmt 0 view .LVU49
 212 005e C022     		movs	r2, #192
 213 0060 1192     		str	r2, [sp, #68]
 129:Core/Src/main.c ****   RCC_OscInitStruct.PLL.PLLQ = 8;
 214              		.loc 1 129 3 is_stmt 1 view .LVU50
 129:Core/Src/main.c ****   RCC_OscInitStruct.PLL.PLLQ = 8;
 215              		.loc 1 129 30 is_stmt 0 view .LVU51
 216 0062 1293     		str	r3, [sp, #72]
 130:Core/Src/main.c ****   if (HAL_RCC_OscConfig(&RCC_OscInitStruct) != HAL_OK)
ARM GAS  C:\Users\giamw\AppData\Local\Temp\ccsMwdFF.s 			page 11


 217              		.loc 1 130 3 is_stmt 1 view .LVU52
 130:Core/Src/main.c ****   if (HAL_RCC_OscConfig(&RCC_OscInitStruct) != HAL_OK)
 218              		.loc 1 130 30 is_stmt 0 view .LVU53
 219 0064 0823     		movs	r3, #8
 220 0066 1393     		str	r3, [sp, #76]
 131:Core/Src/main.c ****   {
 221              		.loc 1 131 3 is_stmt 1 view .LVU54
 131:Core/Src/main.c ****   {
 222              		.loc 1 131 7 is_stmt 0 view .LVU55
 223 0068 08A8     		add	r0, sp, #32
 224 006a FFF7FEFF 		bl	HAL_RCC_OscConfig
 225              	.LVL1:
 131:Core/Src/main.c ****   {
 226              		.loc 1 131 6 view .LVU56
 227 006e 88B9     		cbnz	r0, .L11
 138:Core/Src/main.c ****                               |RCC_CLOCKTYPE_PCLK1|RCC_CLOCKTYPE_PCLK2;
 228              		.loc 1 138 3 is_stmt 1 view .LVU57
 138:Core/Src/main.c ****                               |RCC_CLOCKTYPE_PCLK1|RCC_CLOCKTYPE_PCLK2;
 229              		.loc 1 138 31 is_stmt 0 view .LVU58
 230 0070 0F23     		movs	r3, #15
 231 0072 0393     		str	r3, [sp, #12]
 140:Core/Src/main.c ****   RCC_ClkInitStruct.AHBCLKDivider = RCC_SYSCLK_DIV1;
 232              		.loc 1 140 3 is_stmt 1 view .LVU59
 140:Core/Src/main.c ****   RCC_ClkInitStruct.AHBCLKDivider = RCC_SYSCLK_DIV1;
 233              		.loc 1 140 34 is_stmt 0 view .LVU60
 234 0074 0223     		movs	r3, #2
 235 0076 0493     		str	r3, [sp, #16]
 141:Core/Src/main.c ****   RCC_ClkInitStruct.APB1CLKDivider = RCC_HCLK_DIV4;
 236              		.loc 1 141 3 is_stmt 1 view .LVU61
 141:Core/Src/main.c ****   RCC_ClkInitStruct.APB1CLKDivider = RCC_HCLK_DIV4;
 237              		.loc 1 141 35 is_stmt 0 view .LVU62
 238 0078 0023     		movs	r3, #0
 239 007a 0593     		str	r3, [sp, #20]
 142:Core/Src/main.c ****   RCC_ClkInitStruct.APB2CLKDivider = RCC_HCLK_DIV1;
 240              		.loc 1 142 3 is_stmt 1 view .LVU63
 142:Core/Src/main.c ****   RCC_ClkInitStruct.APB2CLKDivider = RCC_HCLK_DIV1;
 241              		.loc 1 142 36 is_stmt 0 view .LVU64
 242 007c 4FF4A052 		mov	r2, #5120
 243 0080 0692     		str	r2, [sp, #24]
 143:Core/Src/main.c **** 
 244              		.loc 1 143 3 is_stmt 1 view .LVU65
 143:Core/Src/main.c **** 
 245              		.loc 1 143 36 is_stmt 0 view .LVU66
 246 0082 0793     		str	r3, [sp, #28]
 145:Core/Src/main.c ****   {
 247              		.loc 1 145 3 is_stmt 1 view .LVU67
 145:Core/Src/main.c ****   {
 248              		.loc 1 145 7 is_stmt 0 view .LVU68
 249 0084 0321     		movs	r1, #3
 250 0086 03A8     		add	r0, sp, #12
 251 0088 FFF7FEFF 		bl	HAL_RCC_ClockConfig
 252              	.LVL2:
 145:Core/Src/main.c ****   {
 253              		.loc 1 145 6 view .LVU69
 254 008c 20B9     		cbnz	r0, .L12
 149:Core/Src/main.c **** 
 255              		.loc 1 149 1 view .LVU70
ARM GAS  C:\Users\giamw\AppData\Local\Temp\ccsMwdFF.s 			page 12


 256 008e 15B0     		add	sp, sp, #84
 257              	.LCFI4:
 258              		.cfi_remember_state
 259              		.cfi_def_cfa_offset 4
 260              		@ sp needed
 261 0090 5DF804FB 		ldr	pc, [sp], #4
 262              	.L11:
 263              	.LCFI5:
 264              		.cfi_restore_state
 133:Core/Src/main.c ****   }
 265              		.loc 1 133 5 is_stmt 1 view .LVU71
 266 0094 FFF7FEFF 		bl	Error_Handler
 267              	.LVL3:
 268              	.L12:
 147:Core/Src/main.c ****   }
 269              		.loc 1 147 5 view .LVU72
 270 0098 FFF7FEFF 		bl	Error_Handler
 271              	.LVL4:
 272              	.L14:
 273              		.align	2
 274              	.L13:
 275 009c 00380240 		.word	1073887232
 276 00a0 00700040 		.word	1073770496
 277              		.cfi_endproc
 278              	.LFE135:
 280              		.section	.text.main,"ax",%progbits
 281              		.align	1
 282              		.global	main
 283              		.syntax unified
 284              		.thumb
 285              		.thumb_func
 287              	main:
 288              	.LFB134:
  66:Core/Src/main.c ****   /* USER CODE BEGIN 1 */
 289              		.loc 1 66 1 view -0
 290              		.cfi_startproc
 291              		@ Volatile: function does not return.
 292              		@ args = 0, pretend = 0, frame = 0
 293              		@ frame_needed = 0, uses_anonymous_args = 0
 294 0000 08B5     		push	{r3, lr}
 295              	.LCFI6:
 296              		.cfi_def_cfa_offset 8
 297              		.cfi_offset 3, -8
 298              		.cfi_offset 14, -4
  74:Core/Src/main.c **** 
 299              		.loc 1 74 3 view .LVU74
 300 0002 FFF7FEFF 		bl	HAL_Init
 301              	.LVL5:
  81:Core/Src/main.c **** 
 302              		.loc 1 81 3 view .LVU75
 303 0006 FFF7FEFF 		bl	SystemClock_Config
 304              	.LVL6:
  88:Core/Src/main.c ****   MX_USB_DEVICE_Init();
 305              		.loc 1 88 3 view .LVU76
 306 000a FFF7FEFF 		bl	MX_GPIO_Init
 307              	.LVL7:
  89:Core/Src/main.c ****   /* USER CODE BEGIN 2 */
ARM GAS  C:\Users\giamw\AppData\Local\Temp\ccsMwdFF.s 			page 13


 308              		.loc 1 89 3 view .LVU77
 309 000e FFF7FEFF 		bl	MX_USB_DEVICE_Init
 310              	.LVL8:
 311              	.L16:
  96:Core/Src/main.c ****   {
 312              		.loc 1 96 3 discriminator 1 view .LVU78
 313              	.LBB10:
  99:Core/Src/main.c **** 	  HAL_Delay (1000);
 314              		.loc 1 99 5 discriminator 1 view .LVU79
 315 0012 074B     		ldr	r3, .L18
 316 0014 1C68     		ldr	r4, [r3]
 317 0016 2046     		mov	r0, r4
 318 0018 FFF7FEFF 		bl	strlen
 319              	.LVL9:
 320 001c 0146     		mov	r1, r0
 321 001e 2046     		mov	r0, r4
 322 0020 FFF7FEFF 		bl	CDC_Transmit_FS
 323              	.LVL10:
 100:Core/Src/main.c ****     /* USER CODE BEGIN 3 */
 324              		.loc 1 100 4 discriminator 1 view .LVU80
 325 0024 4FF47A70 		mov	r0, #1000
 326 0028 FFF7FEFF 		bl	HAL_Delay
 327              	.LVL11:
 328              	.LBE10:
  96:Core/Src/main.c ****   {
 329              		.loc 1 96 9 discriminator 1 view .LVU81
 330 002c F1E7     		b	.L16
 331              	.L19:
 332 002e 00BF     		.align	2
 333              	.L18:
 334 0030 00000000 		.word	.LANCHOR0
 335              		.cfi_endproc
 336              	.LFE134:
 338              		.global	data
 339              		.section	.rodata.str1.4,"aMS",%progbits,1
 340              		.align	2
 341              	.LC0:
 342 0000 48656C6C 		.ascii	"Hello World from USB CDC\015\012\000"
 342      6F20576F 
 342      726C6420 
 342      66726F6D 
 342      20555342 
 343              		.section	.data.data,"aw"
 344              		.align	2
 345              		.set	.LANCHOR0,. + 0
 348              	data:
 349 0000 00000000 		.word	.LC0
 350              		.text
 351              	.Letext0:
 352              		.file 3 "c:\\gcc-arm-none-eabi-10.3-2021.10\\arm-none-eabi\\include\\machine\\_default_types.h"
 353              		.file 4 "c:\\gcc-arm-none-eabi-10.3-2021.10\\arm-none-eabi\\include\\sys\\_stdint.h"
 354              		.file 5 "Drivers/CMSIS/Device/ST/STM32F4xx/Include/stm32f411xe.h"
 355              		.file 6 "Drivers/STM32F4xx_HAL_Driver/Inc/stm32f4xx_hal_rcc_ex.h"
 356              		.file 7 "Drivers/STM32F4xx_HAL_Driver/Inc/stm32f4xx_hal_rcc.h"
 357              		.file 8 "c:\\gcc-arm-none-eabi-10.3-2021.10\\arm-none-eabi\\include\\string.h"
 358              		.file 9 "Drivers/STM32F4xx_HAL_Driver/Inc/stm32f4xx_hal.h"
 359              		.file 10 "USB_DEVICE/App/usb_device.h"
ARM GAS  C:\Users\giamw\AppData\Local\Temp\ccsMwdFF.s 			page 14


 360              		.file 11 "Drivers/STM32F4xx_HAL_Driver/Inc/stm32f4xx_hal_def.h"
 361              		.file 12 "<built-in>"
ARM GAS  C:\Users\giamw\AppData\Local\Temp\ccsMwdFF.s 			page 15


DEFINED SYMBOLS
                            *ABS*:00000000 main.c
C:\Users\giamw\AppData\Local\Temp\ccsMwdFF.s:20     .text.MX_GPIO_Init:00000000 $t
C:\Users\giamw\AppData\Local\Temp\ccsMwdFF.s:25     .text.MX_GPIO_Init:00000000 MX_GPIO_Init
C:\Users\giamw\AppData\Local\Temp\ccsMwdFF.s:79     .text.MX_GPIO_Init:00000034 $d
C:\Users\giamw\AppData\Local\Temp\ccsMwdFF.s:84     .text.Error_Handler:00000000 $t
C:\Users\giamw\AppData\Local\Temp\ccsMwdFF.s:90     .text.Error_Handler:00000000 Error_Handler
C:\Users\giamw\AppData\Local\Temp\ccsMwdFF.s:122    .text.SystemClock_Config:00000000 $t
C:\Users\giamw\AppData\Local\Temp\ccsMwdFF.s:128    .text.SystemClock_Config:00000000 SystemClock_Config
C:\Users\giamw\AppData\Local\Temp\ccsMwdFF.s:275    .text.SystemClock_Config:0000009c $d
C:\Users\giamw\AppData\Local\Temp\ccsMwdFF.s:281    .text.main:00000000 $t
C:\Users\giamw\AppData\Local\Temp\ccsMwdFF.s:287    .text.main:00000000 main
C:\Users\giamw\AppData\Local\Temp\ccsMwdFF.s:334    .text.main:00000030 $d
C:\Users\giamw\AppData\Local\Temp\ccsMwdFF.s:348    .data.data:00000000 data
C:\Users\giamw\AppData\Local\Temp\ccsMwdFF.s:340    .rodata.str1.4:00000000 $d
C:\Users\giamw\AppData\Local\Temp\ccsMwdFF.s:344    .data.data:00000000 $d

UNDEFINED SYMBOLS
memset
HAL_RCC_OscConfig
HAL_RCC_ClockConfig
HAL_Init
MX_USB_DEVICE_Init
strlen
CDC_Transmit_FS
HAL_Delay
